<?xml version="1.0" encoding="UTF-8"?>
<!-- Generated by org.testng.reporters.JUnitXMLReporter -->
<testsuite hostname="DESKTOP-5T3ASGR" name="Test" tests="7" failures="0" timestamp="7 Nov 2019 11:58:42 GMT" time="1.423" errors="0">
  <testcase name="feature" time="0.078" classname="cucumberOptions.TestRunner"/>
  <testcase name="feature" time="0.063" classname="cucumberOptions.TestRunner"/>
  <testcase name="feature" time="0.016" classname="cucumberOptions.TestRunner"/>
  <testcase name="feature" time="0.187" classname="cucumberOptions.TestRunner_Smoke"/>
  <testcase name="feature" time="0.031" classname="cucumberOptions.TestRunner_Regression"/>
  <testcase name="feature" time="0.078" classname="cucumberOptions.TestRunner_Mobile"/>
  <testcase name="feature" time="0.063" classname="cucumberOptions.TestRunner_Functional"/>
</testsuite> <!-- Test -->
