<?xml version="1.0" encoding="UTF-8"?>
<testng-results skipped="0" failed="0" ignored="0" total="1" passed="1">
  <reporter-output>
  </reporter-output>
  <suite name="Suite" duration-ms="35119" started-at="2019-11-09T20:23:48 IST" finished-at="2019-11-09T20:24:23 IST">
    <groups>
      <group name="cucumber">
        <method signature="AbstractTestNGCucumberTests.feature(cucumber.api.testng.CucumberFeatureWrapper)[pri:0, instance:cucumberOptions.TestRunner@6536e911]" name="feature" class="cucumber.api.testng.AbstractTestNGCucumberTests"/>
      </group> <!-- cucumber -->
    </groups>
    <test name="Validating User Login using Cucumber with TestNG" duration-ms="35119" started-at="2019-11-09T20:23:48 IST" finished-at="2019-11-09T20:24:23 IST">
      <class name="cucumberOptions.TestRunner">
        <test-method status="PASS" signature="setUpClass()[pri:0, instance:cucumberOptions.TestRunner@6536e911]" name="setUpClass" is-config="true" duration-ms="516" started-at="2019-11-09T20:23:48 IST" finished-at="2019-11-09T20:23:48 IST">
          <reporter-output>
          </reporter-output>
        </test-method> <!-- setUpClass -->
        <test-method status="PASS" signature="feature(cucumber.api.testng.CucumberFeatureWrapper)[pri:0, instance:cucumberOptions.TestRunner@6536e911]" name="feature" duration-ms="33410" started-at="2019-11-09T20:23:48 IST" description="Runs Cucumber Feature" data-provider="features" finished-at="2019-11-09T20:24:22 IST">
          <params>
            <param index="0">
              <value>
                <![CDATA[Search GreenKart and place order for Vegetables]]>
              </value>
            </param>
          </params>
          <reporter-output>
          </reporter-output>
        </test-method> <!-- feature -->
        <test-method status="PASS" signature="tearDownClass()[pri:0, instance:cucumberOptions.TestRunner@6536e911]" name="tearDownClass" is-config="true" duration-ms="1000" started-at="2019-11-09T20:24:22 IST" finished-at="2019-11-09T20:24:23 IST">
          <reporter-output>
          </reporter-output>
        </test-method> <!-- tearDownClass -->
      </class> <!-- cucumberOptions.TestRunner -->
    </test> <!-- Validating User Login using Cucumber with TestNG -->
  </suite> <!-- Suite -->
</testng-results>
