<?xml version="1.0" encoding="UTF-8"?>
<testng-results skipped="0" failed="0" ignored="0" total="1" passed="1">
  <reporter-output>
  </reporter-output>
  <suite name="Default suite" duration-ms="56944" started-at="2019-11-09T11:43:18Z" finished-at="2019-11-09T11:44:15Z">
    <groups>
      <group name="cucumber">
        <method signature="AbstractTestNGCucumberTests.feature(cucumber.api.testng.CucumberFeatureWrapper)[pri:0, instance:cucumberOptions.TestRunner@5383967b]" name="feature" class="cucumber.api.testng.AbstractTestNGCucumberTests"/>
      </group> <!-- cucumber -->
    </groups>
    <test name="Default test" duration-ms="56944" started-at="2019-11-09T11:43:18Z" finished-at="2019-11-09T11:44:15Z">
      <class name="cucumberOptions.TestRunner">
        <test-method status="PASS" signature="setUpClass()[pri:0, instance:cucumberOptions.TestRunner@5383967b]" name="setUpClass" is-config="true" duration-ms="422" started-at="2019-11-09T17:13:18Z" finished-at="2019-11-09T17:13:19Z">
          <reporter-output>
          </reporter-output>
        </test-method> <!-- setUpClass -->
        <test-method status="PASS" signature="feature(cucumber.api.testng.CucumberFeatureWrapper)[pri:0, instance:cucumberOptions.TestRunner@5383967b]" name="feature" duration-ms="55503" started-at="2019-11-09T17:13:19Z" description="Runs Cucumber Feature" data-provider="features" finished-at="2019-11-09T17:14:14Z">
          <params>
            <param index="0">
              <value>
                <![CDATA[Search GreenKart and place order for Vegetables]]>
              </value>
            </param>
          </params>
          <reporter-output>
          </reporter-output>
        </test-method> <!-- feature -->
        <test-method status="PASS" signature="tearDownClass()[pri:0, instance:cucumberOptions.TestRunner@5383967b]" name="tearDownClass" is-config="true" duration-ms="861" started-at="2019-11-09T17:14:14Z" finished-at="2019-11-09T17:14:15Z">
          <reporter-output>
          </reporter-output>
        </test-method> <!-- tearDownClass -->
      </class> <!-- cucumberOptions.TestRunner -->
    </test> <!-- Default test -->
  </suite> <!-- Default suite -->
</testng-results>
